<?xml version="1.0" encoding="UTF-8"?>
<testng-results skipped="0" failed="0" total="2" passed="2">
  <reporter-output>
  </reporter-output>
  <suite name="All Test Suite" duration-ms="14032" started-at="2021-09-07T23:30:41Z" finished-at="2021-09-07T23:30:55Z">
    <groups>
    </groups>
    <test name="C:/Users/SiddiqAb/OneDrive - Government of Ontario/Desktop/hybridframework" duration-ms="14032" started-at="2021-09-07T23:30:41Z" finished-at="2021-09-07T23:30:55Z">
      <class name="demosite.LoginSetUp">
        <test-method status="PASS" signature="init()[pri:0, instance:demosite.LoginSetUp@7770f470]" name="init" is-config="true" duration-ms="6096" started-at="2021-09-07T19:30:41Z" finished-at="2021-09-07T19:30:47Z">
          <reporter-output>
          </reporter-output>
        </test-method> <!-- init -->
        <test-method status="PASS" signature="loginToMercury(java.lang.String, java.lang.String, java.lang.String)[pri:0, instance:demosite.LoginSetUp@7770f470]" name="loginToMercury" duration-ms="5256" started-at="2021-09-07T19:30:47Z" data-provider="getData" finished-at="2021-09-07T19:30:52Z">
          <params>
            <param index="0">
              <value>
                <![CDATA[mercury]]>
              </value>
            </param>
            <param index="1">
              <value>
                <![CDATA[mercury]]>
              </value>
            </param>
            <param index="2">
              <value>
                <![CDATA[Non restricted User]]>
              </value>
            </param>
          </params>
          <reporter-output>
          </reporter-output>
        </test-method> <!-- loginToMercury -->
        <test-method status="PASS" signature="loginToMercury(java.lang.String, java.lang.String, java.lang.String)[pri:0, instance:demosite.LoginSetUp@7770f470]" name="loginToMercury" duration-ms="1952" started-at="2021-09-07T19:30:52Z" data-provider="getData" finished-at="2021-09-07T19:30:54Z">
          <params>
            <param index="0">
              <value>
                <![CDATA[test]]>
              </value>
            </param>
            <param index="1">
              <value>
                <![CDATA[test]]>
              </value>
            </param>
            <param index="2">
              <value>
                <![CDATA[Non restricted User]]>
              </value>
            </param>
          </params>
          <reporter-output>
          </reporter-output>
        </test-method> <!-- loginToMercury -->
        <test-method status="PASS" signature="tearDown()[pri:0, instance:demosite.LoginSetUp@7770f470]" name="tearDown" is-config="true" duration-ms="698" started-at="2021-09-07T19:30:54Z" finished-at="2021-09-07T19:30:55Z">
          <reporter-output>
          </reporter-output>
        </test-method> <!-- tearDown -->
      </class> <!-- demosite.LoginSetUp -->
    </test> <!-- C:/Users/SiddiqAb/OneDrive - Government of Ontario/Desktop/hybridframework -->
  </suite> <!-- All Test Suite -->
</testng-results>
